e:\gdp\semester 2\gamejam\gamejam\gdp_feeney_201718\x64\debug\vc141.pdb
e:\gdp\semester 2\gamejam\gamejam\gdp_feeney_201718\x64\debug\vc141.idb
e:\gdp\semester 2\gamejam\gamejam\gdp_feeney_201718\x64\debug\cpersistimpsqlitegdpadapter.obj
e:\gdp\semester 2\gamejam\gamejam\gdp_feeney_201718\x64\debug\aabb_triangles.obj
e:\gdp\semester 2\gamejam\gamejam\gdp_feeney_201718\x64\debug\caabbbroadphase.obj
e:\gdp\semester 2\gamejam\gamejam\gdp_feeney_201718\x64\debug\caabbv2.obj
e:\gdp\semester 2\gamejam\gamejam\gdp_feeney_201718\x64\debug\cphysicalproperties.obj
e:\gdp\semester 2\gamejam\gamejam\gdp_feeney_201718\x64\debug\cphysicsworld.obj
e:\gdp\semester 2\gamejam\gamejam\gdp_feeney_201718\x64\debug\cplyfile5nt.obj
e:\gdp\semester 2\gamejam\gamejam\gdp_feeney_201718\x64\debug\cplyfile5nt_experimental.obj
e:\gdp\semester 2\gamejam\gamejam\gdp_feeney_201718\x64\debug\cvector3f.obj
e:\gdp\semester 2\gamejam\gamejam\gdp_feeney_201718\x64\debug\render_calls.obj
e:\gdp\semester 2\gamejam\gamejam\gdp_feeney_201718\x64\debug\sceneloader.obj
e:\gdp\semester 2\gamejam\gamejam\gdp_feeney_201718\x64\debug\smeshdrawinfo.obj
e:\gdp\semester 2\gamejam\gamejam\gdp_feeney_201718\x64\debug\c24bitbmppixel.obj
e:\gdp\semester 2\gamejam\gamejam\gdp_feeney_201718\x64\debug\ctexturefrombmp.obj
e:\gdp\semester 2\gamejam\gamejam\gdp_feeney_201718\x64\debug\ctexturemanager.obj
e:\gdp\semester 2\gamejam\gamejam\gdp_feeney_201718\x64\debug\themain.obj
e:\gdp\semester 2\gamejam\gamejam\gdp_feeney_201718\x64\debug\utilities.obj
e:\gdp\semester 2\gamejam\gamejam\gdp_feeney_201718\x64\debug\cmathhelper.obj
e:\gdp\semester 2\gamejam\gamejam\gdp_feeney_201718\x64\debug\cstringhelper.obj
e:\gdp\semester 2\gamejam\gamejam\gdp_feeney_201718\x64\debug\cstringutils.obj
e:\gdp\semester 2\gamejam\gamejam\gdp_feeney_201718\x64\debug\cgameobject.obj
e:\gdp\semester 2\gamejam\gamejam\gdp_feeney_201718\x64\debug\chrtimer.obj
e:\gdp\semester 2\gamejam\gamejam\gdp_feeney_201718\x64\debug\clightmanager.obj
e:\gdp\semester 2\gamejam\gamejam\gdp_feeney_201718\x64\debug\cmesh.obj
e:\gdp\semester 2\gamejam\gamejam\gdp_feeney_201718\x64\debug\cmodelassetloader.obj
e:\gdp\semester 2\gamejam\gamejam\gdp_feeney_201718\x64\debug\cshader.obj
e:\gdp\semester 2\gamejam\gamejam\gdp_feeney_201718\x64\debug\cshadermanager.obj
e:\gdp\semester 2\gamejam\gamejam\gdp_feeney_201718\x64\debug\ctriangle.obj
e:\gdp\semester 2\gamejam\gamejam\gdp_feeney_201718\x64\debug\cvaomeshmanager.obj
e:\gdp\semester 2\gamejam\gamejam\gdp_feeney_201718\x64\debug\cerrorlog.obj
e:\gdp\semester 2\gamejam\gamejam\gdp_feeney_201718\x64\debug\copenglerror.obj
e:\gdp\semester 2\gamejam\gamejam\gdp_feeney_201718\x64\debug\glfw_keyboardcallback.obj
e:\gdp\semester 2\gamejam\gamejam\gdp_feeney_201718\x64\debug\cluabrain.obj
e:\gdp\semester 2\gamejam\gamejam\gdp_feeney_201718\x64\debug\modelutilities.obj
e:\gdp\semester 2\gamejam\gamejam\gdp_feeney_201718\x64\debug\cnvpair.obj
e:\gdp\semester 2\gamejam\gamejam\gdp_feeney_201718\x64\debug\cpersist.obj
e:\gdp\semester 2\gamejam\gamejam\gdp_feeney_201718\x64\debug\cpersistimpfactory.obj
e:\gdp\semester 2\gamejam\gamejam\gdp_feeney_201718\x64\debug\cpersistimprnrjson.obj
e:\gdp\semester 2\gamejam\gamejam\gdp_feeney_201718\x64\debug\rnrxml.obj
e:\gdp\semester 2\gamejam\gamejam\gdp_feeney_201718\x64\debug\wrnrxml.obj
e:\gdp\semester 2\gamejam\gamejam\gdp_feeney_201718\x64\debug\cassimpbasic.obj
e:\gdp\semester 2\gamejam\gamejam\gdp_feeney_201718\x64\debug\cassimpbasic_imp.obj
e:\gdp\semester 2\gamejam\gamejam\gdp_feeney_201718\x64\debug\csimpleassimpskinnedmeshloader_onemesh.obj
e:\gdp\semester 2\gamejam\gamejam\gdp_feeney_201718\x64\debug\canimationstate.obj
e:\gdp\semester 2\gamejam\gamejam\gdp_feeney_201718\x64\debug\ccamera.obj
e:\gdp\semester 2\gamejam\gamejam\gdp_feeney_201718\x64\debug\ccamera_flylookat.obj
e:\gdp\semester 2\gamejam\gamejam\gdp_feeney_201718\x64\debug\ccamera_follow.obj
e:\gdp\semester 2\gamejam\gamejam\gdp_feeney_201718\x64\debug\ccamera_manual.obj
e:\gdp\semester 2\gamejam\gamejam\gdp_feeney_201718\x64\debug\cdalek.obj
e:\gdp\semester 2\gamejam\gamejam\gdp_feeney_201718\x64\debug\cinputhandler.obj
e:\gdp\semester 2\gamejam\gamejam\gdp_feeney_201718\x64\debug\dalekthreadedcommon.obj
e:\gdp\semester 2\gamejam\gamejam\gdp_feeney_201718\x64\debug\dalek_threaded_02.obj
e:\gdp\semester 2\gamejam\gamejam\gdp_feeney_201718\x64\debug\cdebugrenderer.obj
e:\gdp\semester 2\gamejam\gamejam\gdp_feeney_201718\x64\debug\cdebugrenderer_builtinshapes.obj
e:\gdp\semester 2\gamejam\gamejam\gdp_feeney_201718\x64\debug\cfbo.obj
e:\gdp\semester 2\gamejam\gamejam\gdp_feeney_201718\x64\debug\dalek_threaded_03.obj
e:\gdp\semester 2\gamejam\gamejam\gdp_feeney_201718\x64\debug\glad.obj
e:\gdp\semester 2\gamejam\gamejam\x64\debug\gdp_feeney_201718.lib
e:\gdp\semester 2\gamejam\gamejam\x64\debug\gdp_feeney_201718.exp
e:\gdp\semester 2\gamejam\gamejam\x64\debug\gdp_feeney_201718.exe
e:\gdp\semester 2\gamejam\gamejam\x64\debug\gdp_feeney_201718.ilk
e:\gdp\semester 2\gamejam\gamejam\x64\debug\gdp_feeney_201718.pdb
e:\gdp\semester 2\gamejam\gamejam\gdp_feeney_201718\x64\debug\gdp_feen.de09acaf.tlog\cl.command.1.tlog
e:\gdp\semester 2\gamejam\gamejam\gdp_feeney_201718\x64\debug\gdp_feen.de09acaf.tlog\cl.read.1.tlog
e:\gdp\semester 2\gamejam\gamejam\gdp_feeney_201718\x64\debug\gdp_feen.de09acaf.tlog\cl.write.1.tlog
e:\gdp\semester 2\gamejam\gamejam\gdp_feeney_201718\x64\debug\gdp_feen.de09acaf.tlog\gdp_feeney_201718.write.1u.tlog
e:\gdp\semester 2\gamejam\gamejam\gdp_feeney_201718\x64\debug\gdp_feen.de09acaf.tlog\link.command.1.tlog
e:\gdp\semester 2\gamejam\gamejam\gdp_feeney_201718\x64\debug\gdp_feen.de09acaf.tlog\link.read.1.tlog
e:\gdp\semester 2\gamejam\gamejam\gdp_feeney_201718\x64\debug\gdp_feen.de09acaf.tlog\link.write.1.tlog
